Selected optimization level O1:  Insert automatic casts around Pytorch functions and Tensor methods.

Defaults for this optimization level are:
enabled                : True
opt_level              : O1
cast_model_type        : None
patch_torch_functions  : True
keep_batchnorm_fp32    : None
master_weights         : None
loss_scale             : dynamic
Processing user overrides (additional kwargs that are not None)...
After processing overrides, optimization options are:
enabled                : True
opt_level              : O1
cast_model_type        : None
patch_torch_functions  : True
keep_batchnorm_fp32    : None
master_weights         : None
loss_scale             : dynamic
Warning:  multi_tensor_applier fused unscale kernel is unavailable, possibly because apex was installed without --cuda_ext --cpp_ext. Using Python fallback.  Original ImportError was: ModuleNotFoundError("No module named 'amp_C'",)
output directory checkpoints
Epoch: 0
0:	0.004416795
Saving model and optimizer state at iteration 0 to checkpoints/waveglow_0
1:	-0.016024143
2:	-0.051680755
3:	-0.119474575
4:	-0.229323789
5:	-0.373077035
6:	-0.585286021
7:	-0.871358871
Gradient overflow.  Skipping step, loss scaler 0 reducing loss scale to 32768.0
8:	-1.229904890
9:	-1.263458371
Gradient overflow.  Skipping step, loss scaler 0 reducing loss scale to 16384.0
10:	-0.903141916
Gradient overflow.  Skipping step, loss scaler 0 reducing loss scale to 8192.0
11:	-0.679511905
Gradient overflow.  Skipping step, loss scaler 0 reducing loss scale to 4096.0
12:	-0.990670860
Gradient overflow.  Skipping step, loss scaler 0 reducing loss scale to 2048.0
13:	-1.167866588
14:	-1.249812841
15:	-0.727076352
16:	-1.307308197
17:	-1.650760531
18:	-1.707282424
19:	-1.703210235
20:	-1.801716089
Gradient overflow.  Skipping step, loss scaler 0 reducing loss scale to 1024.0
21:	-1.112347960
Gradient overflow.  Skipping step, loss scaler 0 reducing loss scale to 512.0
22:	-1.135538936
23:	-1.197249174
24:	-1.605207443
25:	-1.548826337
26:	-1.563632607
27:	-1.750232458
28:	-1.693733573
29:	-1.744714141
30:	-1.858483553
31:	-1.966633320
32:	-2.000915051
33:	-1.922958493
34:	-2.175264835
35:	-2.110271215
36:	-1.897419453
37:	-2.205439329
Traceback (most recent call last):
  File "train.py", line 188, in <module>
    train(num_gpus, args.rank, args.group_name, **train_config)
  File "train.py", line 135, in train
    scaled_loss.backward()
  File "/usr/local/venvs/rkb_320_projects/tts/waveglow/env/lib64/python3.6/site-packages/torch/tensor.py", line 102, in backward
Traceback (most recent call last):
  File "/usr/lib64/python3.6/multiprocessing/queues.py", line 240, in _feed
    send_bytes(obj)
  File "/usr/lib64/python3.6/multiprocessing/connection.py", line 204, in send_bytes
    self._send_bytes(m[offset:offset + size])
  File "/usr/lib64/python3.6/multiprocessing/connection.py", line 408, in _send_bytes
    self._send(header + buf)
  File "/usr/lib64/python3.6/multiprocessing/connection.py", line 372, in _send
    n = write(self._handle, buf)
BrokenPipeError: [Errno 32] Broken pipe
    torch.autograd.backward(self, gradient, retain_graph, create_graph)
  File "/usr/local/venvs/rkb_320_projects/tts/waveglow/env/lib64/python3.6/site-packages/torch/autograd/__init__.py", line 90, in backward
    allow_unreachable=True)  # allow_unreachable flag
KeyboardInterrupt
Selected optimization level O1:  Insert automatic casts around Pytorch functions and Tensor methods.

Defaults for this optimization level are:
enabled                : True
opt_level              : O1
cast_model_type        : None
patch_torch_functions  : True
keep_batchnorm_fp32    : None
master_weights         : None
loss_scale             : dynamic
Processing user overrides (additional kwargs that are not None)...
After processing overrides, optimization options are:
enabled                : True
opt_level              : O1
cast_model_type        : None
patch_torch_functions  : True
keep_batchnorm_fp32    : None
master_weights         : None
loss_scale             : dynamic
Warning:  multi_tensor_applier fused unscale kernel is unavailable, possibly because apex was installed without --cuda_ext --cpp_ext. Using Python fallback.  Original ImportError was: ModuleNotFoundError("No module named 'amp_C'",)
output directory checkpoints
Epoch: 0
0:	0.004416795
Saving model and optimizer state at iteration 0 to checkpoints/waveglow_0
1:	-0.016024176
2:	-0.051681399
3:	-0.119476244
4:	-0.229326367
5:	-0.373079330
6:	-0.585290074
7:	-0.871365070
Gradient overflow.  Skipping step, loss scaler 0 reducing loss scale to 32768.0
8:	-1.229770780
9:	-1.263339639
Gradient overflow.  Skipping step, loss scaler 0 reducing loss scale to 16384.0
10:	-0.903396249
Gradient overflow.  Skipping step, loss scaler 0 reducing loss scale to 8192.0
11:	-0.679899991
Gradient overflow.  Skipping step, loss scaler 0 reducing loss scale to 4096.0
12:	-0.990962863
Gradient overflow.  Skipping step, loss scaler 0 reducing loss scale to 2048.0
13:	-1.168063760
14:	-1.249979854
15:	-0.727899730
16:	-1.308042645
17:	-1.651100755
18:	-1.707483411
19:	-1.704847336
20:	-1.807517767
Gradient overflow.  Skipping step, loss scaler 0 reducing loss scale to 1024.0
21:	-1.077084422
Gradient overflow.  Skipping step, loss scaler 0 reducing loss scale to 512.0
22:	-1.105322599
23:	-1.168632269
24:	-1.567955494
25:	-1.536684990
26:	-1.549203634
27:	-1.726395488
28:	-1.664156437
29:	-1.709709167
30:	-1.817314267
31:	-1.926387668
32:	-1.974559188
33:	-1.909100056
34:	-2.154506445
35:	-2.080954552
36:	-1.809648633
37:	-2.175845146
38:	-2.186898470
39:	-2.357564688
40:	-2.144212484
41:	-2.356399536
42:	-2.507993698
43:	-2.328419447
44:	-2.233737230
45:	-2.453017950
46:	-1.637344599
47:	-2.404069901
48:	-2.293680668
49:	-2.324302435
50:	-2.453121185
51:	-2.185575247
52:	-2.290280342
53:	-2.298707724
54:	-2.440115452
55:	-2.453437090
56:	-2.635192633
57:	-2.631938696
58:	-2.467513323
59:	-2.557894945
60:	-2.482587099
61:	-2.809761047
62:	-2.727565289
63:	-2.892751932
64:	-2.660682678
65:	-3.029392004
Gradient overflow.  Skipping step, loss scaler 0 reducing loss scale to 256.0
66:	-2.619437933
67:	-2.794069052
68:	-1.381903768
69:	-2.205022335
70:	-2.328164816
71:	-2.117201805
72:	-2.008546591
73:	-2.181075811
74:	-1.981159806
75:	-2.005628824
76:	-2.224591732
77:	-2.521690845
78:	-2.433704853
79:	-1.871978998
80:	-2.143651247
81:	-2.588439465
82:	-2.739355087
83:	-2.623754501
84:	-2.307583570
85:	-2.774329424
86:	-2.596740007
87:	-2.856483459
88:	-2.495691776
89:	-2.727713585
Gradient overflow.  Skipping step, loss scaler 0 reducing loss scale to 128.0
90:	-1.071450114
Gradient overflow.  Skipping step, loss scaler 0 reducing loss scale to 64.0
91:	-0.891580462
92:	-1.148974657
93:	-0.489704877
94:	-1.105121851
95:	-1.694552422
96:	-1.509180427
97:	-1.294340134
98:	-1.201693296
99:	-1.104547024
100:	-1.058109403
101:	-1.185713172
102:	-1.267096043
103:	-1.395980835
104:	-1.506011009
105:	-1.648045897
106:	-1.644669771
107:	-1.830219269
108:	-1.807985306
109:	-2.029665947
110:	-2.171737432
111:	-1.973824501
112:	-1.803236842
113:	-2.165542364
114:	-2.183565378
115:	-2.230333567
116:	-2.116374016
117:	-2.433244705
118:	-2.156209946
119:	-2.385908127
120:	-2.738810301
121:	-2.369452953
122:	-2.493786335
123:	-2.697045803
124:	-2.846351624
125:	-2.519259930
126:	-2.875552416
127:	-2.760964394
128:	-2.504806995
129:	-2.865767479
130:	-2.398190498
131:	-3.193604469
132:	-2.942510605
133:	-2.109447718
134:	-2.800541401
135:	-3.116594076
136:	-2.813184261
137:	-3.151772976
138:	-3.378094673
139:	-2.942528725
140:	-2.872692585
141:	-3.156282187
142:	-3.508498669
143:	-2.518258810
144:	-2.489444256
145:	-2.849905252
146:	-2.933107376
147:	-3.460641623
148:	-2.827488899
149:	-3.517912149
150:	-3.195033073
151:	-3.868577480
152:	-3.155457258
153:	-2.949023485
154:	-2.900897741
155:	-3.174223661
Epoch: 1
156:	-3.108843088
157:	-2.976917982
158:	-3.367706776
159:	-3.012559175
160:	-3.603320599
161:	-3.450574160
162:	-3.677514315
163:	-3.028537512
164:	-3.682670832
165:	-3.196799517
166:	-2.989988804
167:	-2.895398617
168:	-3.291525126
169:	-3.845082045
170:	-3.950461864
171:	-3.778135300
172:	-3.440812349
173:	-3.691440344
174:	-4.224514008
175:	-3.304760456
176:	-2.738275290
177:	-3.393879890
178:	-3.477370501
179:	-3.360216379
180:	-3.268705368
181:	-3.838054419
182:	-3.858834028
183:	-3.469821692
184:	-3.963495970
185:	-3.420746326
186:	-3.083453417
187:	-3.928326130
188:	-3.971582413
189:	-3.270987511
190:	-3.074933529
191:	-3.290752649
192:	-4.130922318
193:	-3.759738922
194:	-3.038243055
195:	-3.357316971
196:	-3.581584215
197:	-4.641366005
198:	-3.473931551
199:	-4.313701630
200:	-4.007615566
201:	-3.323295116
202:	-3.621896029
203:	-3.651384830
204:	-3.766189098
205:	-3.482674122
206:	-4.352024555
207:	-3.871124744
208:	-3.869250059
209:	-3.569446564
210:	-3.793918848
211:	-3.435661077
212:	-4.770985126
213:	-3.950144053
214:	-4.690909386
215:	-4.094537735
216:	-3.503515959
217:	-3.898742437
218:	-4.074030399
219:	-4.224967957
220:	-4.108102322
221:	-3.897766590
222:	-4.352520466
223:	-3.867355108
224:	-4.216403484
225:	-3.616049051
226:	-4.255640030
227:	-3.898044586
228:	-3.722695351
229:	-3.802502871
230:	-3.460413694
231:	-3.460672855
232:	-3.676014185
233:	-3.760253429
234:	-4.107759953
235:	-4.459838390
236:	-3.761494398
237:	-4.037976742
238:	-4.124535561
239:	-3.404690027
240:	-3.628424406
241:	-4.113847733
242:	-4.388620853
243:	-3.635874271
244:	-4.228455067
245:	-4.548600197
246:	-3.865394115
247:	-4.422589302
248:	-4.785165787
249:	-3.681221008
250:	-4.291650772
251:	-3.935473919
252:	-3.954081774
253:	-4.042775154
254:	-4.297255516
255:	-3.883641005
256:	-4.765053272
257:	-4.174414158
258:	-4.527786255
259:	-4.425107956
260:	-4.681433201
261:	-3.972764492
262:	-4.809340954
263:	-3.735493660
264:	-4.261639595
265:	-3.610749245
266:	-4.671914101
267:	-4.180545807
268:	-4.422518730
269:	-4.094918251
270:	-3.967761278
271:	-4.579533577
272:	-3.871632099
273:	-4.028613091
274:	-3.427510262
275:	-4.188729286
276:	-3.086457968
277:	-4.901612282
278:	-4.150283813
279:	-4.898320198
280:	-4.494168758
281:	-4.486633778
282:	-4.562247753
283:	-4.237878323
284:	-3.685087919
285:	-4.002096176
286:	-3.813085318
287:	-4.348340034
288:	-4.607758045
289:	-3.804817438
290:	-4.137986183
291:	-5.197422028
292:	-3.842192650
293:	-4.377265453
294:	-4.066417694
295:	-4.066971779
296:	-3.743337870
297:	-4.375646591
298:	-4.760006905
299:	-3.612555742
300:	-3.682563782
301:	-4.532273293
302:	-4.650053501
303:	-4.780117989
304:	-4.220306396
305:	-4.336297035
306:	-4.413721085
307:	-5.022214890
308:	-4.767022610
309:	-4.591020584
310:	-3.904758215
311:	-3.766324520
Epoch: 2
312:	-3.470153570
313:	-3.601452112
314:	-3.369127274
315:	-4.225800037
316:	-4.821933270
317:	-3.976828098
318:	-3.687718630
319:	-4.299038887
320:	-5.251399517
321:	-4.140258312
322:	-4.655395031
323:	-4.182565212
324:	-4.210809708
325:	-4.222275257
326:	-4.135576725
327:	-4.749264717
328:	-5.140212536
329:	-4.544920444
330:	-4.464941025
331:	-4.028194427
332:	-4.523075104
333:	-4.417271614
334:	-4.565380096
335:	-4.411532402
336:	-4.540327549
337:	-4.192905426
338:	-4.545908928
339:	-3.983303785
340:	-4.488376617
341:	-4.118931770
342:	-5.040813923
343:	-4.016985416
344:	-5.318100929
345:	-4.406452179
346:	-4.202885151
347:	-3.844305277
348:	-4.213632584
349:	-4.986704826
350:	-4.005596161
351:	-4.871450901
352:	-4.478232861
353:	-4.401478767
354:	-4.557190418
355:	-4.352567196
356:	-3.676591873
357:	-4.291343212
358:	-4.130193233
359:	-4.255422592
360:	-3.985095978
361:	-4.394919395
362:	-3.870641470
363:	-4.199228764
364:	-4.442585945
365:	-4.211789608
366:	-4.797777653
367:	-4.443593502
368:	-4.269077301
369:	-4.777936935
370:	-5.003993988
371:	-4.178023338
372:	-4.971011162
373:	-4.443484783
374:	-4.080219746
375:	-4.267028809
376:	-4.676883221
377:	-4.485351086
378:	-4.799639225
379:	-4.191208363
380:	-4.177060604
381:	-4.576351166
382:	-3.701664686
383:	-4.045270443
384:	-5.326734543
385:	-4.960690975
386:	-4.546275139
387:	-3.642276764
388:	-3.758761406
389:	-4.103385925
390:	-3.628246307
391:	-4.431792259
392:	-4.484901428
393:	-4.212473392
394:	-5.194576263
395:	-4.602367878
396:	-4.297924995
397:	-4.540244579
398:	-4.707695484
399:	-3.692889929
400:	-3.459817410
401:	-4.142812729
402:	-4.274920940
403:	-4.182508945
404:	-4.243000507
405:	-4.868246555
406:	-4.841025829
407:	-4.171275139
408:	-4.432566643
409:	-4.460966587
410:	-4.383698463
411:	-4.119733334
412:	-4.496834755
413:	-3.749543667
414:	-4.309858799
415:	-4.701805115
416:	-4.297112465
417:	-4.567834377
418:	-4.121782780
419:	-4.261393070
420:	-4.398335457
421:	-4.325541496
422:	-4.543434620
423:	-4.816354752
424:	-5.043141365
425:	-3.933292389
426:	-4.422486782
427:	-4.907598019
428:	-4.407114506
429:	-5.508833885
430:	-4.442979813
431:	-3.980281115
432:	-4.340809345
433:	-4.462246895
434:	-4.638127804
435:	-4.401955128
436:	-5.387428284
437:	-4.681864738
438:	-4.887715340
439:	-4.953485489
440:	-4.551231384
441:	-4.444497108
442:	-4.472410679
443:	-4.579360962
444:	-4.812808037
445:	-3.960180521
446:	-4.568282604
447:	-4.683941841
448:	-4.141506195
449:	-4.152714252
450:	-4.286226749
451:	-4.987026215
452:	-3.960263252
453:	-4.670670986
454:	-4.017543793
455:	-4.083161831
456:	-3.962585688
457:	-4.679222107
458:	-4.265873432
459:	-5.037086010
460:	-4.039600372
461:	-4.212775230
462:	-4.052991390
463:	-4.777360439
464:	-5.177996635
465:	-4.354263783
466:	-4.251831532
467:	-4.229959488
Epoch: 3
468:	-5.007110119
469:	-3.899480343
470:	-4.286942482
471:	-4.259176731
472:	-4.999300480
473:	-3.870574236
474:	-4.947257996
475:	-3.896034241
476:	-4.051217556
477:	-4.542686462
478:	-4.608048916
479:	-4.238199711
480:	-4.828735828
481:	-4.374762058
482:	-4.447361946
483:	-4.678398609
484:	-4.381838799
485:	-4.290226936
486:	-4.499619961
487:	-4.755989075
488:	-4.298878193
489:	-4.790712833
490:	-5.178473473
491:	-4.500858784
492:	-4.876624107
493:	-3.957165003
494:	-4.248640060
495:	-4.930778503
496:	-4.520287514
497:	-4.429897308
498:	-5.185331821
499:	-4.790774822
500:	-4.539313316
501:	-5.002475739
502:	-4.531070709
503:	-4.796115875
504:	-4.828102589
505:	-4.926677227
506:	-4.049452305
507:	-4.952139378
508:	-4.279158115
509:	-4.162725925
510:	-4.341840267
511:	-5.265526772
512:	-4.968332767
513:	-4.444157600
514:	-4.687211037
515:	-4.461578846
516:	-4.585578918
517:	-4.460080624
518:	-5.727517605
519:	-4.928266525
520:	-4.934283257
521:	-4.453985691
522:	-4.657299042
523:	-4.919154644
524:	-4.659200668
525:	-4.765220642
526:	-4.115496635
527:	-5.715328693
528:	-4.840622425
529:	-4.781625748
530:	-5.012605190
531:	-4.981424332
532:	-4.382818699
533:	-4.478147030
534:	-4.621879101
535:	-4.747828484
536:	-5.221157551
537:	-5.100406647
538:	-4.334248066
539:	-4.557585716
540:	-3.937035322
541:	-3.967985392
542:	-5.039626598
543:	-5.077553272
544:	-4.633953571
545:	-4.684837341
546:	-4.767188549
547:	-4.604150772
548:	-4.042515755
549:	-4.636339664
550:	-3.964272022
551:	-5.083842754
552:	-4.374385834
553:	-5.272570610
554:	-4.839910507
555:	-4.549858570
556:	-4.331183434
557:	-5.653625488
558:	-5.018563271
559:	-4.708569050
560:	-4.254689217
561:	-4.142016888
562:	-4.797311306
563:	-3.976800442
564:	-4.210214615
565:	-4.189616680
566:	-5.044980526
567:	-3.995292664
568:	-4.144252300
569:	-5.171000481
570:	-5.052843571
571:	-4.420724869
572:	-5.179946423
573:	-5.669407368
574:	-5.100890636
575:	-4.172124863
576:	-4.343227386
577:	-4.804867744
578:	-5.201293945
579:	-4.871414185
580:	-5.305718422
581:	-4.688188076
582:	-4.128097057
583:	-5.642399788
584:	-4.804635525
585:	-5.332122803
586:	-5.210011005
587:	-4.129796028
588:	-4.505011559
589:	-4.778607368
590:	-5.054909229
591:	-4.650161743
592:	-5.248703957
593:	-4.654523373
594:	-4.109595299
595:	-4.729085922
596:	-4.523682117
597:	-4.260449409
598:	-4.642750263
599:	-5.089562416
600:	-4.873876095
601:	-4.585057735
602:	-4.681728363
603:	-5.329190731
604:	-4.411252499
605:	-5.459187031
606:	-5.224888802
607:	-4.193669796
608:	-5.272553921
609:	-4.632166386
610:	-4.672674179
611:	-5.013316154
612:	-4.947399139
613:	-4.353592396
614:	-4.487246513
615:	-5.348483086
616:	-4.476089954
617:	-4.318020344
618:	-4.567250729
619:	-5.101015091
620:	-4.808061600
621:	-4.466051579
622:	-4.641036987
623:	-4.909055233
Epoch: 4
624:	-4.121318817
625:	-4.461029053
626:	-4.605072021
627:	-4.601016998
628:	-4.626262188
629:	-4.925323963
630:	-4.483227730
631:	-4.705266476
632:	-4.773113728
633:	-4.844812393
634:	-4.306773186
635:	-4.855376244
636:	-4.716645241
637:	-5.001252651
638:	-4.737450123
639:	-4.923389912
640:	-4.656853676
641:	-4.325840950
642:	-4.401397705
643:	-4.593777180
644:	-4.657445908
645:	-5.655242920
646:	-5.361722469
647:	-4.599506378
648:	-4.474225044
649:	-5.092268944
650:	-4.709903717
651:	-5.023449421
652:	-5.188879013
653:	-4.657217503
654:	-4.910913944
655:	-4.885783672
656:	-4.796305180
657:	-5.037242413
658:	-4.809558392
659:	-5.493811131
660:	-4.367610931
661:	-5.153472424
662:	-5.136547089
663:	-4.993093491
664:	-4.719297409
665:	-5.077299595
666:	-4.939573288
667:	-5.651039124
668:	-5.556617737
669:	-5.115443230
670:	-4.313013077
671:	-4.057442188
672:	-4.452351093
673:	-5.009924412
674:	-3.120830059
675:	-2.646603107
676:	-2.889922857
677:	-3.293933153
678:	-3.835765362
679:	-3.951663971
680:	-4.522590160
681:	-3.848998070
682:	-2.468137264
683:	-3.146247625
684:	-2.756877184
685:	-3.130138636
686:	-3.079094648
687:	-3.041301489
688:	-3.643881559
689:	-3.834167242
690:	-3.865358591
691:	-3.570852757
692:	-4.049773216
693:	-3.660490751
694:	-3.835960627
695:	-3.955220938
696:	-4.662321091
697:	-4.330836773
698:	-3.817557573
699:	-3.229297400
700:	-3.875913620
701:	-4.414301872
702:	-4.035632610
703:	-4.392076969
704:	-3.803932905
705:	-4.605410576
706:	-4.425267696
707:	-4.816889763
708:	-4.368134022
709:	-4.815609455
710:	-4.510153294
711:	-4.855581284
712:	-3.835939646
713:	-4.440648556
714:	-4.766152382
715:	-4.034743786
716:	-4.211659908
717:	-4.461636066
718:	-5.271068096
719:	-4.406959057
720:	-4.660343647
721:	-4.181212902
722:	-4.417650700
723:	-4.374172688
724:	-4.446413517
725:	-4.664561749
726:	-4.802136898
727:	-4.076105595
728:	-4.709000111
729:	-5.052906990
730:	-4.607745171
731:	-4.563220501
732:	-4.648539543
733:	-4.244153976
734:	-4.678801537
735:	-4.588425159
736:	-5.176047802
737:	-4.854836464
738:	-5.082636833
739:	-5.191582680
740:	-4.033468723
741:	-5.125936985
742:	-4.340713978
743:	-4.322080135
744:	-3.955368757
745:	-4.619409561
746:	-5.503472805
747:	-5.307771206
748:	-4.768535137
749:	-5.130383968
750:	-4.349476814
751:	-4.174875736
752:	-4.760923386
753:	-4.410653114
754:	-4.534279346
755:	-4.670690060
756:	-4.580380917
757:	-3.920942783
758:	-4.862929821
759:	-4.967195034
760:	-4.549110413
761:	-4.538197517
762:	-5.044684410
763:	-5.423781872
764:	-4.928102016
765:	-5.169296265
766:	-5.117858887
767:	-4.836547375
768:	-4.914723396
769:	-4.241754532
770:	-4.148584366
771:	-4.464701653
772:	-4.506608009
773:	-4.671068192
774:	-4.182592869
775:	-5.299258232
776:	-4.616982937
777:	-4.482604504
778:	-4.296411514
779:	-4.771705151
Epoch: 5
780:	-5.227485180
781:	-4.464119434
782:	-4.820543289
783:	-5.079037189
784:	-4.261187553
785:	-4.943037510
786:	-4.034472466
787:	-5.400225639
788:	-4.551828861
789:	-5.123605728
790:	-4.406852722
791:	-4.902516365
792:	-4.834695816
793:	-4.591293812
794:	-4.245641708
795:	-5.018012047
796:	-5.214253902
797:	-4.855408669
798:	-5.308899403
799:	-5.054725170
800:	-5.140046120
801:	-4.833544254
802:	-4.773975372
803:	-4.735468864
804:	-5.060155392
805:	-4.958669662
806:	-4.686056137
807:	-5.080467701
808:	-5.725684166
809:	-4.686602592
810:	-4.960959435
811:	-4.433320999
812:	-5.163663864
813:	-4.519408703
814:	-4.745341778
815:	-4.574878693
816:	-4.715420246
817:	-4.469389439
818:	-4.477586746
819:	-5.159769058
820:	-4.555388927
821:	-5.594999790
822:	-5.434398174
823:	-4.632109165
824:	-4.949603081
825:	-4.744802952
826:	-5.570693493
827:	-5.168032646
828:	-4.999002457
829:	-4.492705822
830:	-4.513952255
831:	-3.647049189
832:	-3.548601151
833:	-3.994048834
834:	-4.210434437
835:	-4.161901474
836:	-4.131496429
837:	-3.935117722
838:	-4.499259949
839:	-4.512587070
840:	-4.088376045
841:	-4.258139133
842:	-3.570804596
843:	-4.193971634
844:	-4.587952614
845:	-4.454806805
846:	-4.817153454
847:	-5.108090878
848:	-4.979929447
849:	-4.655266762
850:	-5.022395611
851:	-4.358501911
852:	-4.513120651
853:	-4.432840347
854:	-4.445045471
855:	-4.656532288
856:	-4.647295952
857:	-4.476405621
858:	-5.150924683
859:	-5.373050213
860:	-4.947694778
861:	-4.911698341
862:	-5.373593807
863:	-4.945918560
864:	-5.414637089
865:	-5.029239655
866:	-4.492399216
867:	-4.764845848
868:	-4.628726006
869:	-5.006596088
870:	-5.087648392
871:	-4.963973045
872:	-5.659032345
873:	-4.711728573
874:	-5.016269684
875:	-4.753550529
876:	-4.947952271
877:	-4.496832848
878:	-4.816007614
879:	-4.777810097
880:	-4.831568241
881:	-4.773424625
882:	-4.913051605
883:	-5.283082485
884:	-5.089162350
885:	-4.729951382
886:	-4.923269749
887:	-5.200009346
888:	-5.269687653
889:	-5.165884495
890:	-5.135872841
891:	-5.746102333
892:	-4.941641331
893:	-5.229850292
894:	-5.123349667
895:	-5.591136456
896:	-5.055564880
897:	-5.151744843
898:	-5.149868965
899:	-4.802873135
900:	-4.395150185
901:	-4.637778282
902:	-5.515837193
903:	-4.948650837
904:	-4.830079556
905:	-5.296337128
906:	-4.510017872
907:	-5.821912766
908:	-5.435168743
909:	-5.133140564
910:	-4.731825352
911:	-4.921868801
912:	-5.046703339
913:	-4.982504845
914:	-4.534795761
915:	-5.362233639
916:	-4.102759838
917:	-5.185990334
918:	-5.046266556
919:	-4.577386856
920:	-5.008048058
921:	-5.051603794
922:	-4.720836639
923:	-4.328584194
924:	-4.703729630
925:	-5.294080257
926:	-4.259234428
927:	-5.387548447
928:	-4.727559090
929:	-4.860253334
930:	-5.171844959
931:	-5.004688263
932:	-4.403544426
933:	-5.574211597
934:	-4.824439526
935:	-5.766724586
Epoch: 6
936:	-4.688723087
937:	-4.510091305
938:	-5.427170753
939:	-4.862473488
940:	-5.191908836
941:	-4.658706188
942:	-5.274973392
943:	-4.742898941
944:	-5.199062347
945:	-5.129567146
946:	-5.260892391
947:	-4.694958687
948:	-4.860018253
949:	-5.104538918
950:	-5.271375656
951:	-5.176259518
952:	-5.334857464
953:	-5.981208324
954:	-5.214907646
955:	-5.236422062
956:	-4.918519020
957:	-4.588216305
958:	-5.044263840
959:	-4.816850662
960:	-4.538406372
961:	-4.503302574
962:	-5.180264473
963:	-5.021613121
964:	-4.889083385
965:	-5.130759239
966:	-5.095090389
967:	-4.513698101
968:	-4.922277451
969:	-4.878117085
970:	-4.630342960
971:	-5.181291103
972:	-4.620952606
973:	-5.401406288
974:	-4.885419846
975:	-5.161557674
976:	-5.163371086
977:	-4.593448639
978:	-5.151061535
979:	-5.754707813
980:	-4.832904339
981:	-5.223823547
982:	-4.827309608
983:	-5.467253685
984:	-5.382752419
985:	-5.130223274
986:	-5.385901928
987:	-5.888796329
988:	-4.817441463
989:	-4.630107403
990:	-5.329660892
991:	-4.730013371
992:	-4.685785294
993:	-4.778827190
994:	-4.480432987
995:	-5.085521221
996:	-4.842207432
997:	-5.525832176
998:	-4.522982597
999:	-4.638093472
1000:	-4.995160103
1001:	-5.319144249
1002:	-4.922843933
1003:	-5.273698330
1004:	-5.648098946
1005:	-4.986072063
1006:	-4.365440369
1007:	-5.218593121
1008:	-4.503587246
1009:	-5.106271267
1010:	-5.416780949
1011:	-5.205406666
1012:	-4.967492580
1013:	-5.029446125
1014:	-5.929917812
1015:	-4.612936974
1016:	-4.884083271
1017:	-5.039644241
1018:	-4.912589550
1019:	-4.695817947
1020:	-5.437003136
1021:	-5.315667152
1022:	-5.113178253
1023:	-4.898309708
1024:	-5.063893318
1025:	-4.957324028
1026:	-4.991794109
1027:	-5.503391743
1028:	-5.088247776
1029:	-4.589064598
1030:	-5.493006229
1031:	-4.515514374
1032:	-4.451585293
1033:	-5.331065655
1034:	-4.468733311
1035:	-5.496393681
1036:	-4.604489326
1037:	-5.258123875
1038:	-4.472776890
1039:	-4.971977234
1040:	-4.536218643
1041:	-5.330968857
1042:	-4.886013508
1043:	-4.489938259
1044:	-4.098344803
1045:	-5.066766739
1046:	-4.503248215
1047:	-4.947977543
1048:	-5.119173527
1049:	-4.295513630
1050:	-4.707673550
1051:	-4.791043282
1052:	-4.412950039
1053:	-5.060147285
1054:	-4.768469810
1055:	-4.934478760
1056:	-5.006183147
1057:	-4.686380863
1058:	-6.332098961
1059:	-5.191520214
1060:	-4.730471134
1061:	-5.208814144
1062:	-5.253551006
1063:	-5.419905186
1064:	-5.081540108
1065:	-5.285392284
1066:	-5.115577698
1067:	-4.789911270
1068:	-4.707003117
1069:	-5.324672222
1070:	-5.012364388
1071:	-4.925032616
1072:	-5.020621300
1073:	-4.698741913
1074:	-5.460843563
1075:	-6.000791550
1076:	-5.201052189
1077:	-5.070604801
1078:	-5.232299328
1079:	-4.819559097
1080:	-4.693817616
1081:	-4.830753803
1082:	-4.898915291
1083:	-4.763700485
1084:	-5.077731609
1085:	-5.622592449
1086:	-4.367455482
1087:	-5.176789284
1088:	-5.012143135
1089:	-4.771997452
1090:	-4.525944710
1091:	-4.632867336
Epoch: 7
1092:	-5.009960651
1093:	-4.897194386
1094:	-5.097795010
1095:	-4.982638836
1096:	-4.952151299
1097:	-4.695137501
1098:	-4.597347736
1099:	-4.218843937
1100:	-4.552681923
1101:	-3.985736847
1102:	-4.221874237
1103:	-4.189262867
1104:	-4.527650356
1105:	-5.021851063
1106:	-4.501684666
1107:	-5.365658283
1108:	-4.662114620
1109:	-4.619331360
1110:	-4.677265644
1111:	-4.571265697
1112:	-4.856649876
1113:	-5.220638275
1114:	-4.195862770
1115:	-4.699182987
1116:	-4.820273876
1117:	-4.842347145
1118:	-4.889248848
1119:	-4.969780445
1120:	-5.385504246
1121:	-5.177850723
1122:	-5.431386471
1123:	-5.082196712
1124:	-5.256398201
1125:	-4.828619957
1126:	-4.676703453
1127:	-5.313995361
1128:	-4.889945030
1129:	-4.736843586
1130:	-5.266588688
1131:	-5.286076069
1132:	-5.170561790
1133:	-4.807321072
1134:	-5.464009285
1135:	-4.818485260
1136:	-4.895854473
1137:	-4.526702881
1138:	-4.988712788
1139:	-5.210240364
1140:	-5.036489964
1141:	-4.609145641
1142:	-5.463158607
1143:	-5.449341297
1144:	-5.331546307
1145:	-4.954956055
1146:	-5.203505993
1147:	-4.782749653
1148:	-4.690471172
1149:	-5.326442242
1150:	-4.801864624
1151:	-4.688277721
1152:	-5.006726265
1153:	-4.701896191
1154:	-5.009674549
1155:	-5.367730618
1156:	-4.772529602
1157:	-4.878616333
1158:	-5.032855988
1159:	-5.003020287
1160:	-5.289400101
1161:	-5.258993626
1162:	-5.277878284
1163:	-5.250301361
1164:	-4.928070068
1165:	-4.749636173
1166:	-5.164735794
1167:	-5.057746887
1168:	-4.950174332
1169:	-4.108580112
1170:	-4.477501392
1171:	-4.863108635
1172:	-4.732601643
1173:	-5.946856022
1174:	-4.848036289
1175:	-4.205335140
1176:	-4.963966370
1177:	-5.454251289
1178:	-5.088618755
1179:	-4.453327656
1180:	-4.298090935
1181:	-4.190002918
1182:	-4.639014721
1183:	-4.231006622
1184:	-5.213654995
1185:	-4.600361824
1186:	-5.184173584
1187:	-4.687489033
1188:	-4.449585438
1189:	-4.362524986
1190:	-4.414488792
1191:	-4.816861629
1192:	-5.363865852
1193:	-4.947013855
1194:	-4.570461750
1195:	-5.040588379
1196:	-5.407217503
1197:	-5.812803745
1198:	-4.695747852
1199:	-5.553174496
1200:	-4.101599693
1201:	-4.721686840
1202:	-4.849695683
1203:	-4.744492531
1204:	-5.054802895
1205:	-4.959942341
1206:	-4.508079529
1207:	-4.770897865
1208:	-4.888243675
1209:	-5.714366913
1210:	-5.260274410
1211:	-4.863310337
1212:	-5.174858093
1213:	-4.607019901
1214:	-5.100946426
1215:	-5.309853077
1216:	-5.396458626
1217:	-5.855151653
1218:	-4.795769215
1219:	-5.597826958
1220:	-5.378651619
1221:	-5.077622890
1222:	-4.788718224
1223:	-5.130432129
1224:	-4.636696339
1225:	-4.398926258
1226:	-5.137962341
1227:	-5.564647198
1228:	-5.043656826
1229:	-4.880895615
1230:	-5.131312847
1231:	-5.614688873
1232:	-4.826101780
1233:	-4.887609005
1234:	-5.428477287
1235:	-5.124007225
1236:	-5.287122250
1237:	-4.843809128
1238:	-5.166607857
1239:	-5.164062977
1240:	-5.246329784
1241:	-5.298113346
1242:	-5.093939781
1243:	-4.513863087
1244:	-4.414182663
1245:	-4.937031746
1246:	-4.844027996
1247:	-4.611050129
Epoch: 8
1248:	-5.089682102
1249:	-4.856248856
1250:	-4.902809620
1251:	-5.222984314
1252:	-5.195839882
1253:	-4.364827633
1254:	-4.710777760
1255:	-5.013528824
1256:	-5.502870560
1257:	-4.882503986
1258:	-5.279918194
1259:	-4.980178356
1260:	-5.775967598
1261:	-5.443852901
1262:	-5.108613014
1263:	-5.198039532
1264:	-4.686960697
1265:	-5.384393692
1266:	-4.400656700
1267:	-4.620363712
1268:	-4.703761578
1269:	-4.890867233
1270:	-5.004571438
1271:	-5.151428223
1272:	-5.515992641
1273:	-4.824090958
1274:	-5.635324001
1275:	-5.797297478
1276:	-5.474528790
1277:	-4.582630157
1278:	-5.436314583
1279:	-5.138344765
1280:	-6.216034412
1281:	-4.866994381
1282:	-5.230314732
1283:	-4.958527565
1284:	-4.981837273
1285:	-5.596850395
1286:	-5.205427170
1287:	-4.867863178
1288:	-4.739364624
1289:	-4.870539188
1290:	-5.139426708
1291:	-5.730139256
1292:	-4.787629128
1293:	-5.121942043
1294:	-4.743099689
1295:	-5.216208935
1296:	-5.035587311
1297:	-5.319475174
1298:	-4.884449959
1299:	-5.686983585
1300:	-4.860411644
1301:	-4.895385265
1302:	-5.071283340
1303:	-4.718533039
1304:	-5.676860809
1305:	-4.775629997
1306:	-5.272375107
1307:	-4.788329601
1308:	-5.226036549
1309:	-5.534986973
1310:	-5.131188393
1311:	-5.760652065
1312:	-4.915731907
1313:	-5.034961700
1314:	-6.022588253
1315:	-5.650904179
1316:	-5.066189289
1317:	-4.841038227
1318:	-5.315727711
1319:	-5.315131664
1320:	-5.195117950
1321:	-5.680325508
1322:	-5.343224525
1323:	-4.952507019
1324:	-4.752190590
1325:	-5.739774704
1326:	-4.955932140
1327:	-5.279367924
1328:	-5.671436787
1329:	-5.291872978
1330:	-5.145022869
1331:	-4.725092411
1332:	-4.923488140
1333:	-5.603667259
1334:	-5.107003689
1335:	-5.428622246
1336:	-4.672111034
1337:	-5.870326996
1338:	-4.895385742
1339:	-5.525595665
1340:	-5.251563549
1341:	-5.645071030
1342:	-5.601324081
1343:	-5.252204895
1344:	-5.423780441
1345:	-4.670298100
1346:	-4.964063644
1347:	-4.960652828
1348:	-5.253701210
1349:	-5.629203796
1350:	-5.138008118
1351:	-5.614737511
1352:	-4.942191124
1353:	-5.151716709
1354:	-5.402470589
1355:	-5.331591129
1356:	-5.345701694
1357:	-5.154447556
1358:	-4.621801853
1359:	-5.511697292
1360:	-4.813089848
1361:	-5.406185627
1362:	-5.604411602
1363:	-5.000109673
1364:	-4.792597294
1365:	-5.621056080
1366:	-4.766909599
1367:	-5.362279892
1368:	-4.841104984
1369:	-4.867424965
1370:	-5.594058990
1371:	-5.145049095
1372:	-5.655952930
1373:	-4.790562630
1374:	-5.461308002
1375:	-5.209335327
1376:	-5.395456791
1377:	-5.945263386
1378:	-5.432019711
1379:	-5.661965847
1380:	-5.783365250
1381:	-4.830367565
1382:	-5.539364338
1383:	-5.886058331
1384:	-4.786262035
1385:	-5.119246483
1386:	-5.304837704
1387:	-4.644385815
1388:	-4.350802898
1389:	-5.196212292
1390:	-4.387533665
1391:	-4.818298340
1392:	-4.938595772
1393:	-5.684778690
1394:	-4.058835506
1395:	-4.875185490
1396:	-5.181699276
1397:	-5.432404995
1398:	-5.009900570
1399:	-5.042278767
1400:	-4.898572922
1401:	-5.419989586
1402:	-5.218113422
1403:	-5.376334667
Epoch: 9
1404:	-4.765705585
1405:	-4.476420403
1406:	-4.990699768
1407:	-5.137164116
1408:	-5.331644058
1409:	-5.040546894
1410:	-4.788537502
1411:	-5.366385937
1412:	-5.148362637
1413:	-4.766381741
1414:	-5.240596771
1415:	-5.104875565
1416:	-5.134625435
1417:	-5.990984917
1418:	-4.780265808
1419:	-5.639467239
1420:	-4.958971500
1421:	-5.194259644
1422:	-5.156296730
1423:	-5.051859379
1424:	-5.607446671
1425:	-5.305276871
1426:	-5.629505157
1427:	-4.577350140
1428:	-5.527200699
1429:	-4.992247105
1430:	-5.468140602
1431:	-4.595177174
1432:	-5.018323898
1433:	-5.455930710
1434:	-5.372564316
1435:	-5.519244671
1436:	-4.670386314
1437:	-5.082354546
1438:	-5.648075581
1439:	-4.961651802
1440:	-4.949274540
1441:	-5.764484406
1442:	-4.742356300
1443:	-4.940217972
1444:	-5.659826756
1445:	-5.311724186
1446:	-5.470936298
1447:	-6.045503616
1448:	-5.279236794
1449:	-4.749779224
1450:	-4.877152920
1451:	-5.302923679
1452:	-5.151129246
1453:	-6.129912853
1454:	-5.235754967
1455:	-4.889380932
1456:	-4.904400349
1457:	-5.126248837
1458:	-5.238830566
1459:	-4.614422321
1460:	-4.990560532
1461:	-5.195937634
1462:	-5.099673748
1463:	-5.008920670
1464:	-5.762633324
1465:	-5.401096821
1466:	-5.204782009
1467:	-4.538154125
1468:	-5.611769676
1469:	-5.180598259
1470:	-5.413347244
1471:	-6.101233482
1472:	-5.838157654
1473:	-5.594122410
1474:	-5.326560497
1475:	-5.368563652
1476:	-4.495056152
1477:	-5.164665699
1478:	-5.101740360
1479:	-4.327696800
1480:	-4.320506573
1481:	-5.344758034
1482:	-5.153159142
1483:	-4.874764919
1484:	-5.125197411
1485:	-5.347152710
1486:	-5.014860153
1487:	-5.242195606
1488:	-5.026856899
1489:	-4.644895554
1490:	-5.337673664
1491:	-4.647865295
1492:	-5.156397820
1493:	-4.866370678
1494:	-5.446553707
1495:	-5.095963955
1496:	-4.801799774
1497:	-5.250243664
1498:	-5.491282463
1499:	-5.386424541
1500:	-5.608479023
1501:	-4.925736904
1502:	-5.253936291
1503:	-5.056383133
1504:	-5.207732201
1505:	-5.497689247
1506:	-4.924692154
1507:	-5.058988094
1508:	-4.733570576
1509:	-5.442938328
1510:	-5.317994595
1511:	-5.835267067
1512:	-5.077834129
1513:	-5.360715866
1514:	-5.225911140
1515:	-5.264772415
1516:	-5.583337307
1517:	-4.935475349
1518:	-5.078773499
1519:	-5.074380875
1520:	-4.883207798
1521:	-5.607710838
1522:	-5.582441807
1523:	-5.355851173
1524:	-4.817454815
1525:	-4.996406078
1526:	-5.562831879
1527:	-5.494837761
1528:	-5.070187569
1529:	-5.319825172
1530:	-5.206982136
1531:	-6.028504372
1532:	-5.739399910
1533:	-4.930954933
1534:	-5.441301346
1535:	-4.840364933
1536:	-5.412519932
1537:	-5.482114315
1538:	-5.415239811
1539:	-5.383560181
1540:	-4.572098255
1541:	-4.964698315
1542:	-4.730515003
1543:	-5.169637203
1544:	-5.341081142
1545:	-5.500150204
1546:	-5.063271999
1547:	-4.678553104
1548:	-5.013117790
1549:	-5.296648502
1550:	-5.221609116
1551:	-4.947286129
1552:	-5.068363190
1553:	-5.748034954
1554:	-5.217775822
1555:	-5.566878796
1556:	-4.948313236
1557:	-4.873754025
1558:	-5.850063324
1559:	-5.332626343
Epoch: 10
1560:	-5.886289120
1561:	-4.804443359
1562:	-5.338061810
1563:	-4.602200031
1564:	-4.588435650
1565:	-5.205490112
1566:	-4.997944832
1567:	-4.602206707
1568:	-5.755453587
1569:	-4.579558849
1570:	-4.939226627
1571:	-5.464649200
1572:	-5.322077751
1573:	-5.378996372
1574:	-5.792922974
1575:	-5.714128971
1576:	-5.034824371
1577:	-5.218315601
1578:	-5.170606613
1579:	-5.331081867
1580:	-5.416958809
1581:	-6.315549850
1582:	-5.342974663
1583:	-4.684511185
1584:	-5.183527470
1585:	-5.028043747
1586:	-5.604027271
1587:	-5.098710060
1588:	-5.161275387
1589:	-4.802548885
1590:	-5.643235683
1591:	-4.804206371
1592:	-5.581103325
1593:	-5.910304070
1594:	-4.788293362
1595:	-5.103890896
1596:	-4.999602318
1597:	-4.366162777
1598:	-5.211239815
1599:	-5.303611755
1600:	-5.706784248
1601:	-4.937475204
1602:	-6.159744263
1603:	-5.090239048
1604:	-5.321977615
1605:	-5.883992195
1606:	-5.515764713
1607:	-4.714321613
1608:	-4.691050529
1609:	-5.077607155
1610:	-5.276741028
1611:	-4.939982891
1612:	-5.069937229
1613:	-5.720285892
1614:	-5.360658169
1615:	-5.154618263
1616:	-5.579697132
1617:	-5.668155670
1618:	-4.509819031
1619:	-4.970474720
1620:	-4.986817837
1621:	-4.935678482
1622:	-5.261497498
1623:	-5.248452187
1624:	-5.677296162
1625:	-4.985445976
1626:	-5.361258507
1627:	-4.428092957
1628:	-5.462952614
1629:	-5.013195515
1630:	-5.129833221
1631:	-5.137624264
1632:	-4.923178673
1633:	-5.161478996
1634:	-5.449672699
1635:	-5.468281746
1636:	-5.158848763
1637:	-5.451787949
1638:	-5.266109467
1639:	-5.117774010
1640:	-5.180599689
1641:	-5.718885422
1642:	-5.905035019
1643:	-5.088141441
1644:	-5.426288605
1645:	-4.736601353
1646:	-5.236182690
1647:	-4.722578526
1648:	-5.051310062
1649:	-5.092654705
1650:	-5.743097782
1651:	-5.178467274
1652:	-5.868524551
1653:	-4.724561214
1654:	-5.439298630
1655:	-4.510997772
1656:	-5.156137466
1657:	-5.650675774
1658:	-4.977787971
1659:	-5.215850353
1660:	-4.966726780
1661:	-6.032873631
1662:	-5.675214291
1663:	-5.182613373
1664:	-5.042852879
1665:	-5.204933643
1666:	-5.438543797
1667:	-4.883106232
1668:	-5.712440014
1669:	-4.785658836
1670:	-5.117442131
1671:	-5.452465534
1672:	-5.800485134
1673:	-6.001526833
1674:	-4.982197762
1675:	-5.910617352
1676:	-4.676659584
1677:	-5.397208214
1678:	-5.052258492
1679:	-4.863936424
1680:	-4.667443752
1681:	-5.543818474
1682:	-5.532018661
1683:	-5.568387985
1684:	-6.090281010
1685:	-5.806419373
1686:	-5.920313835
1687:	-6.441326141
1688:	-5.451201439
1689:	-5.516909599
1690:	-5.032939434
1691:	-5.788510799
1692:	-5.694688797
1693:	-5.505584717
1694:	-4.610476494
1695:	-5.678695679
1696:	-5.601266861
1697:	-4.920816422
1698:	-4.893394470
1699:	-5.544850349
1700:	-4.869612694
1701:	-5.253208637
1702:	-5.083173752
1703:	-4.806639194
1704:	-5.395191193
1705:	-5.454392910
1706:	-5.457058907
1707:	-5.624016762
1708:	-5.810072422
1709:	-5.533319473
1710:	-4.918529987
1711:	-5.571869850
1712:	-5.795544624
1713:	-5.309370041
1714:	-5.100257397
1715:	-5.054129601
Epoch: 11
1716:	-5.488762379
1717:	-5.386018276
1718:	-5.663057804
1719:	-5.894117355
1720:	-5.827828884
1721:	-5.241703987
1722:	-5.432353973
1723:	-5.252997398
1724:	-5.222204208
1725:	-4.769105434
1726:	-5.506304741
1727:	-5.356067181
1728:	-4.924407959
1729:	-5.786796093
1730:	-4.963990211
1731:	-5.193563461
1732:	-5.268190384
1733:	-5.519310474
1734:	-5.385957718
1735:	-5.062401772
1736:	-5.412366390
1737:	-5.378781796
1738:	-6.124946117
1739:	-5.417071342
1740:	-5.189109802
1741:	-5.050330162
1742:	-5.045960426
1743:	-4.591888428
1744:	-4.768991470
1745:	-4.925051212
1746:	-5.319715023
1747:	-5.823265553
1748:	-4.654000282
1749:	-5.005169868
1750:	-5.226259232
1751:	-4.689030647
1752:	-5.559825897
1753:	-5.582787037
1754:	-4.612060547
1755:	-4.694601059
1756:	-5.299839973
1757:	-5.383990765
1758:	-6.259111404
1759:	-4.705801487
1760:	-5.530651093
1761:	-4.716892719
1762:	-5.861999512
1763:	-5.206163883
1764:	-5.064111710
1765:	-5.646210670
1766:	-5.115298748
1767:	-5.279858112
1768:	-5.791506290
1769:	-5.612983704
1770:	-5.579754353
1771:	-4.941704273
1772:	-5.229217529
1773:	-5.471784592
1774:	-5.813575268
1775:	-4.976044655
1776:	-5.964694500
1777:	-5.932559013
1778:	-5.374111176
1779:	-5.662342548
1780:	-5.227626324
1781:	-5.194536209
1782:	-5.408235073
1783:	-5.277185440
1784:	-5.404232979
1785:	-5.640174389
1786:	-5.898904324
1787:	-5.892876148
1788:	-5.311665535
1789:	-5.748263836
1790:	-5.225273609
1791:	-4.893445015
1792:	-5.033176422
1793:	-5.337659359
1794:	-5.107746601
1795:	-5.210928917
1796:	-4.838127136
1797:	-5.111383915
1798:	-5.924331188
1799:	-5.501706123
1800:	-5.449502468
1801:	-5.207141876
1802:	-5.384819508
1803:	-5.069190502
1804:	-5.052003860
1805:	-5.450870991
1806:	-5.713117123
1807:	-5.031304836
1808:	-5.120705128
1809:	-5.832690239
1810:	-5.679653168
1811:	-5.918240070
1812:	-5.085481644
1813:	-5.636868000
1814:	-5.276308060
1815:	-5.130201817
1816:	-5.261272907
1817:	-5.322192192
1818:	-5.301529408
1819:	-5.237501144
1820:	-6.084431648
1821:	-6.051377773
1822:	-5.830245972
1823:	-5.813290119
1824:	-5.124305248
1825:	-4.709620953
1826:	-5.583749294
1827:	-5.214711666
1828:	-5.212219238
1829:	-4.447171688
1830:	-5.208015442
1831:	-5.458606243
1832:	-4.818389893
1833:	-5.162355423
1834:	-6.169157982
1835:	-4.882110119
1836:	-4.841557026
1837:	-5.278877735
1838:	-5.693197250
1839:	-5.517404079
1840:	-5.671277046
1841:	-5.984211445
1842:	-5.242354870
1843:	-6.258537769
1844:	-5.231791496
1845:	-4.848398209
1846:	-4.852904320
1847:	-5.873360157
1848:	-5.432360172
1849:	-5.147564888
1850:	-5.445149899
1851:	-6.157020569
1852:	-5.431954861
1853:	-4.718671322
1854:	-5.439083099
1855:	-4.891649246
1856:	-5.151767731
1857:	-5.401560307
1858:	-5.699673176
1859:	-4.300146103
1860:	-4.970222473
1861:	-4.928904533
1862:	-5.528286934
1863:	-5.741888046
1864:	-5.323502064
1865:	-5.335173607
1866:	-5.142998219
1867:	-5.564691544
1868:	-5.764564991
1869:	-5.448894024
1870:	-5.266924858
1871:	-5.052324772
Epoch: 12
1872:	-5.181577206
1873:	-4.763995171
1874:	-5.953926563
1875:	-5.257124901
1876:	-5.040581226
1877:	-4.912772179
1878:	-5.685021877
1879:	-5.115387917
1880:	-5.699617863
1881:	-4.898248196
1882:	-5.647737503
1883:	-5.699881554
1884:	-5.727321625
1885:	-5.169386387
1886:	-5.375748158
1887:	-5.529146194
1888:	-5.327996254
1889:	-5.413170338
1890:	-5.457042694
1891:	-6.014568806
1892:	-5.631027222
1893:	-6.111679554
1894:	-5.544414043
1895:	-5.682991505
1896:	-5.639953136
1897:	-5.120459557
1898:	-5.358549595
1899:	-5.687509537
1900:	-5.777086735
1901:	-5.217421055
1902:	-5.481536388
1903:	-5.465759277
1904:	-4.828811169
1905:	-5.171741962
1906:	-5.528220177
1907:	-5.366975784
1908:	-4.829175949
1909:	-5.081077099
1910:	-5.162312984
1911:	-5.973767281
1912:	-5.181590557
1913:	-5.383946419
1914:	-5.256199360
1915:	-5.558604240
1916:	-5.202843666
1917:	-5.754311085
1918:	-5.291628361
1919:	-4.768428802
1920:	-5.046190262
1921:	-5.188020706
1922:	-5.139246464
1923:	-4.919586658
1924:	-5.952036858
1925:	-5.984254360
1926:	-5.130163193
1927:	-6.102904797
1928:	-5.301924229
1929:	-5.636436939
1930:	-5.413243294
1931:	-5.421745777
1932:	-5.038354874
1933:	-5.557902336
1934:	-5.314640522
1935:	-5.152233124
1936:	-5.306098461
1937:	-5.613121033
1938:	-5.059525013
1939:	-5.526439190
1940:	-6.168979168
1941:	-5.017889977
1942:	-5.210397243
1943:	-5.524268627
1944:	-5.566054821
1945:	-6.050788879
1946:	-5.171364307
1947:	-5.206321239
1948:	-5.781031609
1949:	-5.592744827
1950:	-5.598638058
1951:	-4.918644905
1952:	-5.064961910
1953:	-5.216639996
1954:	-5.801421642
1955:	-5.371461391
1956:	-5.813722134
1957:	-5.728075027
1958:	-4.892210007
1959:	-5.159947395
1960:	-5.131398678
1961:	-4.524087429
1962:	-5.500358105
1963:	-5.483991623
1964:	-4.777150154
1965:	-5.053358555
1966:	-5.938425064
1967:	-5.769913197
1968:	-4.710354805
1969:	-5.057968140
1970:	-5.824417114
1971:	-5.358551025
1972:	-5.377860069
1973:	-5.036252499
1974:	-5.304074764
1975:	-5.230582714
1976:	-5.075395107
1977:	-6.195268154
1978:	-5.364540100
1979:	-5.562352180
1980:	-4.588929653
1981:	-4.831960678
1982:	-5.338484764
1983:	-4.563618660
1984:	-6.395920277
1985:	-5.229779243
1986:	-5.255386353
1987:	-6.038137436
1988:	-5.731704235
1989:	-5.528849602
1990:	-6.122174263
1991:	-6.001205444
1992:	-5.701359749
1993:	-5.504487514
1994:	-6.176464558
1995:	-5.589557171
1996:	-5.962927818
1997:	-5.401996136
1998:	-5.556975365
1999:	-5.606231689
2000:	-4.628544807
Saving model and optimizer state at iteration 2000 to checkpoints/waveglow_2000
2001:	-5.627939224
2002:	-4.932606697
2003:	-5.482571125
2004:	-5.445007324
2005:	-5.644996643
2006:	-5.927552700
2007:	-5.782772541
2008:	-5.217652798
2009:	-5.505965233
2010:	-5.830940723
2011:	-5.344797134
2012:	-4.858371258
2013:	-5.510609150
2014:	-5.408366203
2015:	-5.379509926
2016:	-4.818221092
2017:	-4.856976032
2018:	-5.287189960
2019:	-5.395050526
2020:	-5.848718166
2021:	-5.762540817
2022:	-5.403851032
2023:	-5.644741058
2024:	-4.989640236
2025:	-5.157499790
2026:	-5.195498943
2027:	-4.981650352
Epoch: 13
